[2014-11-10 10:04:48] local.ERROR: exception 'ErrorException' with message 'Undefined variable: items' in /home/heinzawhtet/Documents/websites/hexfic/app/Transformers/Transformer.php:16
Stack trace:
#0 /home/heinzawhtet/Documents/websites/hexfic/app/Transformers/Transformer.php(16): Illuminate\Foundation\Bootstrap\HandleExceptions->handleError(8, 'Undefined varia...', '/home/heinzawht...', 16, Array)
#1 /home/heinzawhtet/Documents/websites/hexfic/app/Http/Controllers/StatusController.php(46): App\Transformers\Transformer->transformByGroup(Array)
#2 [internal function]: App\Http\Controllers\StatusController->index(Object(Illuminate\Http\Request))
#3 /home/heinzawhtet/Documents/websites/hexfic/vendor/laravel/framework/src/Illuminate/Routing/Controller.php(242): call_user_func_array(Array, Array)
#4 /home/heinzawhtet/Documents/websites/hexfic/vendor/laravel/framework/src/Illuminate/Routing/ControllerDispatcher.php(161): Illuminate\Routing\Controller->callAction('index', Array)
#5 /home/heinzawhtet/Documents/websites/hexfic/vendor/laravel/framework/src/Illuminate/Routing/ControllerDispatcher.php(106): Illuminate\Routing\ControllerDispatcher->call(Object(App\Http\Controllers\StatusController), Object(Illuminate\Routing\Route), 'index')
#6 [internal function]: Illuminate\Routing\ControllerDispatcher->Illuminate\Routing\{closure}(Object(Illuminate\Http\Request))
#7 /home/heinzawhtet/Documents/websites/hexfic/vendor/laravel/framework/src/Illuminate/Routing/Stack.php(111): call_user_func(Object(Closure), Object(Illuminate\Http\Request))
#8 [internal function]: Illuminate\Routing\Stack->Illuminate\Routing\{closure}(Object(Illuminate\Http\Request))
#9 /home/heinzawhtet/Documents/websites/hexfic/vendor/laravel/framework/src/Illuminate/Routing/Stack.php(82): call_user_func(Object(Closure), Object(Illuminate\Http\Request))
#10 /home/heinzawhtet/Documents/websites/hexfic/vendor/laravel/framework/src/Illuminate/Routing/ControllerDispatcher.php(107): Illuminate\Routing\Stack->then(Object(Closure))
#11 /home/heinzawhtet/Documents/websites/hexfic/vendor/laravel/framework/src/Illuminate/Routing/ControllerDispatcher.php(66): Illuminate\Routing\ControllerDispatcher->callWithinStack(Object(App\Http\Controllers\StatusController), Object(Illuminate\Routing\Route), Object(Illuminate\Http\Request), 'index')
#12 /home/heinzawhtet/Documents/websites/hexfic/vendor/laravel/framework/src/Illuminate/Routing/Route.php(197): Illuminate\Routing\ControllerDispatcher->dispatch(Object(Illuminate\Routing\Route), Object(Illuminate\Http\Request), 'App\\Http\\Contro...', 'index')
#13 /home/heinzawhtet/Documents/websites/hexfic/vendor/laravel/framework/src/Illuminate/Routing/Route.php(130): Illuminate\Routing\Route->runWithCustomDispatcher(Object(Illuminate\Http\Request))
#14 /home/heinzawhtet/Documents/websites/hexfic/vendor/laravel/framework/src/Illuminate/Routing/Router.php(672): Illuminate\Routing\Route->run(Object(Illuminate\Http\Request))
#15 [internal function]: Illuminate\Routing\Router->Illuminate\Routing\{closure}(Object(Illuminate\Http\Request))
#16 /home/heinzawhtet/Documents/websites/hexfic/vendor/laravel/framework/src/Illuminate/Routing/Stack.php(111): call_user_func(Object(Closure), Object(Illuminate\Http\Request))
#17 /home/heinzawhtet/Documents/websites/hexfic/app/Http/Middleware/VerifyCsrfToken.php(22): Illuminate\Routing\Stack->Illuminate\Routing\{closure}(Object(Illuminate\Http\Request))
#18 /home/heinzawhtet/Documents/websites/hexfic/vendor/laravel/framework/src/Illuminate/Routing/Stack.php(96): App\Http\Middleware\VerifyCsrfToken->handle(Object(Illuminate\Http\Request), Object(Closure))
#19 [internal function]: Illuminate\Routing\Stack->Illuminate\Routing\{closure}(Object(Illuminate\Http\Request))
#20 /home/heinzawhtet/Documents/websites/hexfic/vendor/laravel/framework/src/Illuminate/Routing/Stack.php(82): call_user_func(Object(Closure), Object(Illuminate\Http\Request))
#21 /home/heinzawhtet/Documents/websites/hexfic/vendor/laravel/framework/src/Illuminate/Routing/Router.php(673): Illuminate\Routing\Stack->then(Object(Closure))
#22 /home/heinzawhtet/Documents/websites/hexfic/vendor/laravel/framework/src/Illuminate/Routing/Router.php(643): Illuminate\Routing\Router->runRouteWithinStack(Object(Illuminate\Routing\Route), Object(Illuminate\Http\Request))
#23 /home/heinzawhtet/Documents/websites/hexfic/vendor/laravel/framework/src/Illuminate/Routing/Router.php(601): Illuminate\Routing\Router->dispatchToRoute(Object(Illuminate\Http\Request))
#24 /home/heinzawhtet/Documents/websites/hexfic/vendor/laravel/framework/src/Illuminate/Foundation/Http/Kernel.php(122): Illuminate\Routing\Router->dispatch(Object(Illuminate\Http\Request))
#25 [internal function]: Illuminate\Foundation\Http\Kernel->Illuminate\Foundation\Http\{closure}(Object(Illuminate\Http\Request))
#26 /home/heinzawhtet/Documents/websites/hexfic/vendor/laravel/framework/src/Illuminate/Routing/Stack.php(111): call_user_func(Object(Closure), Object(Illuminate\Http\Request))
#27 /home/heinzawhtet/Documents/websites/hexfic/vendor/laravel/framework/src/Illuminate/View/Middleware/ShareErrorsFromSession.php(55): Illuminate\Routing\Stack->Illuminate\Routing\{closure}(Object(Illuminate\Http\Request))
#28 /home/heinzawhtet/Documents/websites/hexfic/vendor/laravel/framework/src/Illuminate/Routing/Stack.php(96): Illuminate\View\Middleware\ShareErrorsFromSession->handle(Object(Illuminate\Http\Request), Object(Closure))
#29 /home/heinzawhtet/Documents/websites/hexfic/vendor/laravel/framework/src/Illuminate/Session/Middleware/WriteSession.php(42): Illuminate\Routing\Stack->Illuminate\Routing\{closure}(Object(Illuminate\Http\Request))
#30 /home/heinzawhtet/Documents/websites/hexfic/vendor/laravel/framework/src/Illuminate/Routing/Stack.php(96): Illuminate\Session\Middleware\WriteSession->handle(Object(Illuminate\Http\Request), Object(Closure))
#31 /home/heinzawhtet/Documents/websites/hexfic/vendor/laravel/framework/src/Illuminate/Session/Middleware/ReadSession.php(49): Illuminate\Routing\Stack->Illuminate\Routing\{closure}(Object(Illuminate\Http\Request))
#32 /home/heinzawhtet/Documents/websites/hexfic/vendor/laravel/framework/src/Illuminate/Routing/Stack.php(96): Illuminate\Session\Middleware\ReadSession->handle(Object(Illuminate\Http\Request), Object(Closure))
#33 /home/heinzawhtet/Documents/websites/hexfic/vendor/laravel/framework/src/Illuminate/Cookie/Middleware/AddQueuedCookiesToRequest.php(36): Illuminate\Routing\Stack->Illuminate\Routing\{closure}(Object(Illuminate\Http\Request))
#34 /home/heinzawhtet/Documents/websites/hexfic/vendor/laravel/framework/src/Illuminate/Routing/Stack.php(96): Illuminate\Cookie\Middleware\AddQueuedCookiesToRequest->handle(Object(Illuminate\Http\Request), Object(Closure))
#35 /home/heinzawhtet/Documents/websites/hexfic/vendor/laravel/framework/src/Illuminate/Cookie/Middleware/EncryptCookies.php(40): Illuminate\Routing\Stack->Illuminate\Routing\{closure}(Object(Illuminate\Http\Request))
#36 /home/heinzawhtet/Documents/websites/hexfic/vendor/laravel/framework/src/Illuminate/Routing/Stack.php(96): Illuminate\Cookie\Middleware\EncryptCookies->handle(Object(Illuminate\Http\Request), Object(Closure))
#37 /home/heinzawhtet/Documents/websites/hexfic/app/Http/Middleware/UnderMaintenance.php(42): Illuminate\Routing\Stack->Illuminate\Routing\{closure}(Object(Illuminate\Http\Request))
#38 /home/heinzawhtet/Documents/websites/hexfic/vendor/laravel/framework/src/Illuminate/Routing/Stack.php(96): App\Http\Middleware\UnderMaintenance->handle(Object(Illuminate\Http\Request), Object(Closure))
#39 [internal function]: Illuminate\Routing\Stack->Illuminate\Routing\{closure}(Object(Illuminate\Http\Request))
#40 /home/heinzawhtet/Documents/websites/hexfic/vendor/laravel/framework/src/Illuminate/Routing/Stack.php(82): call_user_func(Object(Closure), Object(Illuminate\Http\Request))
#41 /home/heinzawhtet/Documents/websites/hexfic/vendor/laravel/framework/src/Illuminate/Foundation/Http/Kernel.php(75): Illuminate\Routing\Stack->then(Object(Closure))
#42 /home/heinzawhtet/Documents/websites/hexfic/app/Http/Kernel.php(34): Illuminate\Foundation\Http\Kernel->handle(Object(Illuminate\Http\Request))
#43 /home/heinzawhtet/Documents/websites/hexfic/public/index.php(53): App\Http\Kernel->handle(Object(Illuminate\Http\Request))
#44 /home/heinzawhtet/Documents/websites/hexfic/server.php(19): require_once('/home/heinzawht...')
#45 {main} [] []
