[2014-11-07 04:14:01] local.ERROR: exception 'ErrorException' with message 'in_array() expects at least 2 parameters, 1 given' in /home/heinzawhtet/Documents/websites/hexfic/app/Http/Middleware/VerifyAppKey.php:18
Stack trace:
#0 [internal function]: Illuminate\Foundation\Bootstrap\HandleExceptions->handleError(2, 'in_array() expe...', '/home/heinzawht...', 18, Array)
#1 /home/heinzawhtet/Documents/websites/hexfic/app/Http/Middleware/VerifyAppKey.php(18): in_array('hi')
#2 /home/heinzawhtet/Documents/websites/hexfic/vendor/laravel/framework/src/Illuminate/Routing/Stack.php(96): App\Http\Middleware\VerifyAppKey->handle(Object(Illuminate\Http\Request), Object(Closure))
#3 /home/heinzawhtet/Documents/websites/hexfic/vendor/laravel/framework/src/Illuminate/View/Middleware/ShareErrorsFromSession.php(55): Illuminate\Routing\Stack->Illuminate\Routing\{closure}(Object(Illuminate\Http\Request))
#4 /home/heinzawhtet/Documents/websites/hexfic/vendor/laravel/framework/src/Illuminate/Routing/Stack.php(96): Illuminate\View\Middleware\ShareErrorsFromSession->handle(Object(Illuminate\Http\Request), Object(Closure))
#5 /home/heinzawhtet/Documents/websites/hexfic/vendor/laravel/framework/src/Illuminate/Session/Middleware/WriteSession.php(42): Illuminate\Routing\Stack->Illuminate\Routing\{closure}(Object(Illuminate\Http\Request))
#6 /home/heinzawhtet/Documents/websites/hexfic/vendor/laravel/framework/src/Illuminate/Routing/Stack.php(96): Illuminate\Session\Middleware\WriteSession->handle(Object(Illuminate\Http\Request), Object(Closure))
#7 /home/heinzawhtet/Documents/websites/hexfic/vendor/laravel/framework/src/Illuminate/Session/Middleware/ReadSession.php(49): Illuminate\Routing\Stack->Illuminate\Routing\{closure}(Object(Illuminate\Http\Request))
#8 /home/heinzawhtet/Documents/websites/hexfic/vendor/laravel/framework/src/Illuminate/Routing/Stack.php(96): Illuminate\Session\Middleware\ReadSession->handle(Object(Illuminate\Http\Request), Object(Closure))
#9 /home/heinzawhtet/Documents/websites/hexfic/vendor/laravel/framework/src/Illuminate/Cookie/Middleware/AddQueuedCookiesToRequest.php(36): Illuminate\Routing\Stack->Illuminate\Routing\{closure}(Object(Illuminate\Http\Request))
#10 /home/heinzawhtet/Documents/websites/hexfic/vendor/laravel/framework/src/Illuminate/Routing/Stack.php(96): Illuminate\Cookie\Middleware\AddQueuedCookiesToRequest->handle(Object(Illuminate\Http\Request), Object(Closure))
#11 /home/heinzawhtet/Documents/websites/hexfic/vendor/laravel/framework/src/Illuminate/Cookie/Middleware/EncryptCookies.php(40): Illuminate\Routing\Stack->Illuminate\Routing\{closure}(Object(Illuminate\Http\Request))
#12 /home/heinzawhtet/Documents/websites/hexfic/vendor/laravel/framework/src/Illuminate/Routing/Stack.php(96): Illuminate\Cookie\Middleware\EncryptCookies->handle(Object(Illuminate\Http\Request), Object(Closure))
#13 /home/heinzawhtet/Documents/websites/hexfic/app/Http/Middleware/UnderMaintenance.php(42): Illuminate\Routing\Stack->Illuminate\Routing\{closure}(Object(Illuminate\Http\Request))
#14 /home/heinzawhtet/Documents/websites/hexfic/vendor/laravel/framework/src/Illuminate/Routing/Stack.php(96): App\Http\Middleware\UnderMaintenance->handle(Object(Illuminate\Http\Request), Object(Closure))
#15 [internal function]: Illuminate\Routing\Stack->Illuminate\Routing\{closure}(Object(Illuminate\Http\Request))
#16 /home/heinzawhtet/Documents/websites/hexfic/vendor/laravel/framework/src/Illuminate/Routing/Stack.php(82): call_user_func(Object(Closure), Object(Illuminate\Http\Request))
#17 /home/heinzawhtet/Documents/websites/hexfic/vendor/laravel/framework/src/Illuminate/Foundation/Http/Kernel.php(75): Illuminate\Routing\Stack->then(Object(Closure))
#18 /home/heinzawhtet/Documents/websites/hexfic/app/Http/Kernel.php(34): Illuminate\Foundation\Http\Kernel->handle(Object(Illuminate\Http\Request))
#19 /home/heinzawhtet/Documents/websites/hexfic/public/index.php(53): App\Http\Kernel->handle(Object(Illuminate\Http\Request))
#20 /home/heinzawhtet/Documents/websites/hexfic/server.php(19): require_once('/home/heinzawht...')
#21 {main} [] []
[2014-11-07 04:14:19] local.ERROR: exception 'ReflectionException' with message 'Class App\Http\Middleware\VerifyApiKey does not exist' in /home/heinzawhtet/Documents/websites/hexfic/vendor/laravel/framework/src/Illuminate/Container/Container.php:745
Stack trace:
#0 /home/heinzawhtet/Documents/websites/hexfic/vendor/laravel/framework/src/Illuminate/Container/Container.php(745): ReflectionClass->__construct('App\\Http\\Middle...')
#1 /home/heinzawhtet/Documents/websites/hexfic/vendor/laravel/framework/src/Illuminate/Container/Container.php(650): Illuminate\Container\Container->build('App\\Http\\Middle...', Array)
#2 /home/heinzawhtet/Documents/websites/hexfic/vendor/laravel/framework/src/Illuminate/Foundation/Application.php(496): Illuminate\Container\Container->make('App\\Http\\Middle...', Array)
#3 /home/heinzawhtet/Documents/websites/hexfic/vendor/laravel/framework/src/Illuminate/Routing/Stack.php(96): Illuminate\Foundation\Application->make('App\\Http\\Middle...')
#4 [internal function]: Illuminate\Routing\Stack->Illuminate\Routing\{closure}(Object(Illuminate\Http\Request))
#5 /home/heinzawhtet/Documents/websites/hexfic/vendor/laravel/framework/src/Illuminate/Routing/Stack.php(82): call_user_func(Object(Closure), Object(Illuminate\Http\Request))
#6 /home/heinzawhtet/Documents/websites/hexfic/vendor/laravel/framework/src/Illuminate/Routing/Router.php(673): Illuminate\Routing\Stack->then(Object(Closure))
#7 /home/heinzawhtet/Documents/websites/hexfic/vendor/laravel/framework/src/Illuminate/Routing/Router.php(643): Illuminate\Routing\Router->runRouteWithinStack(Object(Illuminate\Routing\Route), Object(Illuminate\Http\Request))
#8 /home/heinzawhtet/Documents/websites/hexfic/vendor/laravel/framework/src/Illuminate/Routing/Router.php(601): Illuminate\Routing\Router->dispatchToRoute(Object(Illuminate\Http\Request))
#9 /home/heinzawhtet/Documents/websites/hexfic/vendor/laravel/framework/src/Illuminate/Foundation/Http/Kernel.php(122): Illuminate\Routing\Router->dispatch(Object(Illuminate\Http\Request))
#10 [internal function]: Illuminate\Foundation\Http\Kernel->Illuminate\Foundation\Http\{closure}(Object(Illuminate\Http\Request))
#11 /home/heinzawhtet/Documents/websites/hexfic/vendor/laravel/framework/src/Illuminate/Routing/Stack.php(111): call_user_func(Object(Closure), Object(Illuminate\Http\Request))
#12 /home/heinzawhtet/Documents/websites/hexfic/app/Http/Middleware/VerifyAppKey.php(20): Illuminate\Routing\Stack->Illuminate\Routing\{closure}(Object(Illuminate\Http\Request))
#13 /home/heinzawhtet/Documents/websites/hexfic/vendor/laravel/framework/src/Illuminate/Routing/Stack.php(96): App\Http\Middleware\VerifyAppKey->handle(Object(Illuminate\Http\Request), Object(Closure))
#14 /home/heinzawhtet/Documents/websites/hexfic/vendor/laravel/framework/src/Illuminate/View/Middleware/ShareErrorsFromSession.php(55): Illuminate\Routing\Stack->Illuminate\Routing\{closure}(Object(Illuminate\Http\Request))
#15 /home/heinzawhtet/Documents/websites/hexfic/vendor/laravel/framework/src/Illuminate/Routing/Stack.php(96): Illuminate\View\Middleware\ShareErrorsFromSession->handle(Object(Illuminate\Http\Request), Object(Closure))
#16 /home/heinzawhtet/Documents/websites/hexfic/vendor/laravel/framework/src/Illuminate/Session/Middleware/WriteSession.php(42): Illuminate\Routing\Stack->Illuminate\Routing\{closure}(Object(Illuminate\Http\Request))
#17 /home/heinzawhtet/Documents/websites/hexfic/vendor/laravel/framework/src/Illuminate/Routing/Stack.php(96): Illuminate\Session\Middleware\WriteSession->handle(Object(Illuminate\Http\Request), Object(Closure))
#18 /home/heinzawhtet/Documents/websites/hexfic/vendor/laravel/framework/src/Illuminate/Session/Middleware/ReadSession.php(49): Illuminate\Routing\Stack->Illuminate\Routing\{closure}(Object(Illuminate\Http\Request))
#19 /home/heinzawhtet/Documents/websites/hexfic/vendor/laravel/framework/src/Illuminate/Routing/Stack.php(96): Illuminate\Session\Middleware\ReadSession->handle(Object(Illuminate\Http\Request), Object(Closure))
#20 /home/heinzawhtet/Documents/websites/hexfic/vendor/laravel/framework/src/Illuminate/Cookie/Middleware/AddQueuedCookiesToRequest.php(36): Illuminate\Routing\Stack->Illuminate\Routing\{closure}(Object(Illuminate\Http\Request))
#21 /home/heinzawhtet/Documents/websites/hexfic/vendor/laravel/framework/src/Illuminate/Routing/Stack.php(96): Illuminate\Cookie\Middleware\AddQueuedCookiesToRequest->handle(Object(Illuminate\Http\Request), Object(Closure))
#22 /home/heinzawhtet/Documents/websites/hexfic/vendor/laravel/framework/src/Illuminate/Cookie/Middleware/EncryptCookies.php(40): Illuminate\Routing\Stack->Illuminate\Routing\{closure}(Object(Illuminate\Http\Request))
#23 /home/heinzawhtet/Documents/websites/hexfic/vendor/laravel/framework/src/Illuminate/Routing/Stack.php(96): Illuminate\Cookie\Middleware\EncryptCookies->handle(Object(Illuminate\Http\Request), Object(Closure))
#24 /home/heinzawhtet/Documents/websites/hexfic/app/Http/Middleware/UnderMaintenance.php(42): Illuminate\Routing\Stack->Illuminate\Routing\{closure}(Object(Illuminate\Http\Request))
#25 /home/heinzawhtet/Documents/websites/hexfic/vendor/laravel/framework/src/Illuminate/Routing/Stack.php(96): App\Http\Middleware\UnderMaintenance->handle(Object(Illuminate\Http\Request), Object(Closure))
#26 [internal function]: Illuminate\Routing\Stack->Illuminate\Routing\{closure}(Object(Illuminate\Http\Request))
#27 /home/heinzawhtet/Documents/websites/hexfic/vendor/laravel/framework/src/Illuminate/Routing/Stack.php(82): call_user_func(Object(Closure), Object(Illuminate\Http\Request))
#28 /home/heinzawhtet/Documents/websites/hexfic/vendor/laravel/framework/src/Illuminate/Foundation/Http/Kernel.php(75): Illuminate\Routing\Stack->then(Object(Closure))
#29 /home/heinzawhtet/Documents/websites/hexfic/app/Http/Kernel.php(34): Illuminate\Foundation\Http\Kernel->handle(Object(Illuminate\Http\Request))
#30 /home/heinzawhtet/Documents/websites/hexfic/public/index.php(53): App\Http\Kernel->handle(Object(Illuminate\Http\Request))
#31 /home/heinzawhtet/Documents/websites/hexfic/server.php(19): require_once('/home/heinzawht...')
#32 {main} [] []
[2014-11-07 04:14:32] local.ERROR: exception 'ReflectionException' with message 'Class App\Http\Middleware\VerifyAppKey does not exist' in /home/heinzawhtet/Documents/websites/hexfic/vendor/laravel/framework/src/Illuminate/Container/Container.php:745
Stack trace:
#0 /home/heinzawhtet/Documents/websites/hexfic/vendor/laravel/framework/src/Illuminate/Container/Container.php(745): ReflectionClass->__construct('App\\Http\\Middle...')
#1 /home/heinzawhtet/Documents/websites/hexfic/vendor/laravel/framework/src/Illuminate/Container/Container.php(650): Illuminate\Container\Container->build('App\\Http\\Middle...', Array)
#2 /home/heinzawhtet/Documents/websites/hexfic/vendor/laravel/framework/src/Illuminate/Foundation/Application.php(496): Illuminate\Container\Container->make('App\\Http\\Middle...', Array)
#3 /home/heinzawhtet/Documents/websites/hexfic/vendor/laravel/framework/src/Illuminate/Routing/Stack.php(96): Illuminate\Foundation\Application->make('App\\Http\\Middle...')
#4 /home/heinzawhtet/Documents/websites/hexfic/vendor/laravel/framework/src/Illuminate/View/Middleware/ShareErrorsFromSession.php(55): Illuminate\Routing\Stack->Illuminate\Routing\{closure}(Object(Illuminate\Http\Request))
#5 /home/heinzawhtet/Documents/websites/hexfic/vendor/laravel/framework/src/Illuminate/Routing/Stack.php(96): Illuminate\View\Middleware\ShareErrorsFromSession->handle(Object(Illuminate\Http\Request), Object(Closure))
#6 /home/heinzawhtet/Documents/websites/hexfic/vendor/laravel/framework/src/Illuminate/Session/Middleware/WriteSession.php(42): Illuminate\Routing\Stack->Illuminate\Routing\{closure}(Object(Illuminate\Http\Request))
#7 /home/heinzawhtet/Documents/websites/hexfic/vendor/laravel/framework/src/Illuminate/Routing/Stack.php(96): Illuminate\Session\Middleware\WriteSession->handle(Object(Illuminate\Http\Request), Object(Closure))
#8 /home/heinzawhtet/Documents/websites/hexfic/vendor/laravel/framework/src/Illuminate/Session/Middleware/ReadSession.php(49): Illuminate\Routing\Stack->Illuminate\Routing\{closure}(Object(Illuminate\Http\Request))
#9 /home/heinzawhtet/Documents/websites/hexfic/vendor/laravel/framework/src/Illuminate/Routing/Stack.php(96): Illuminate\Session\Middleware\ReadSession->handle(Object(Illuminate\Http\Request), Object(Closure))
#10 /home/heinzawhtet/Documents/websites/hexfic/vendor/laravel/framework/src/Illuminate/Cookie/Middleware/AddQueuedCookiesToRequest.php(36): Illuminate\Routing\Stack->Illuminate\Routing\{closure}(Object(Illuminate\Http\Request))
#11 /home/heinzawhtet/Documents/websites/hexfic/vendor/laravel/framework/src/Illuminate/Routing/Stack.php(96): Illuminate\Cookie\Middleware\AddQueuedCookiesToRequest->handle(Object(Illuminate\Http\Request), Object(Closure))
#12 /home/heinzawhtet/Documents/websites/hexfic/vendor/laravel/framework/src/Illuminate/Cookie/Middleware/EncryptCookies.php(40): Illuminate\Routing\Stack->Illuminate\Routing\{closure}(Object(Illuminate\Http\Request))
#13 /home/heinzawhtet/Documents/websites/hexfic/vendor/laravel/framework/src/Illuminate/Routing/Stack.php(96): Illuminate\Cookie\Middleware\EncryptCookies->handle(Object(Illuminate\Http\Request), Object(Closure))
#14 /home/heinzawhtet/Documents/websites/hexfic/app/Http/Middleware/UnderMaintenance.php(42): Illuminate\Routing\Stack->Illuminate\Routing\{closure}(Object(Illuminate\Http\Request))
#15 /home/heinzawhtet/Documents/websites/hexfic/vendor/laravel/framework/src/Illuminate/Routing/Stack.php(96): App\Http\Middleware\UnderMaintenance->handle(Object(Illuminate\Http\Request), Object(Closure))
#16 [internal function]: Illuminate\Routing\Stack->Illuminate\Routing\{closure}(Object(Illuminate\Http\Request))
#17 /home/heinzawhtet/Documents/websites/hexfic/vendor/laravel/framework/src/Illuminate/Routing/Stack.php(82): call_user_func(Object(Closure), Object(Illuminate\Http\Request))
#18 /home/heinzawhtet/Documents/websites/hexfic/vendor/laravel/framework/src/Illuminate/Foundation/Http/Kernel.php(75): Illuminate\Routing\Stack->then(Object(Closure))
#19 /home/heinzawhtet/Documents/websites/hexfic/app/Http/Kernel.php(34): Illuminate\Foundation\Http\Kernel->handle(Object(Illuminate\Http\Request))
#20 /home/heinzawhtet/Documents/websites/hexfic/public/index.php(53): App\Http\Kernel->handle(Object(Illuminate\Http\Request))
#21 /home/heinzawhtet/Documents/websites/hexfic/server.php(19): require_once('/home/heinzawht...')
#22 {main} [] []
[2014-11-07 04:15:49] local.ERROR: exception 'ErrorException' with message 'Argument 1 passed to Illuminate\Session\Middleware\WriteSession::addCookieToResponse() must be an instance of Symfony\Component\HttpFoundation\Response, null given, called in /home/heinzawhtet/Documents/websites/hexfic/vendor/laravel/framework/src/Illuminate/Session/Middleware/WriteSession.php on line 53 and defined' in /home/heinzawhtet/Documents/websites/hexfic/vendor/laravel/framework/src/Illuminate/Session/Middleware/WriteSession.php:96
Stack trace:
#0 /home/heinzawhtet/Documents/websites/hexfic/vendor/laravel/framework/src/Illuminate/Session/Middleware/WriteSession.php(96): Illuminate\Foundation\Bootstrap\HandleExceptions->handleError(4096, 'Argument 1 pass...', '/home/heinzawht...', 96, Array)
#1 /home/heinzawhtet/Documents/websites/hexfic/vendor/laravel/framework/src/Illuminate/Session/Middleware/WriteSession.php(53): Illuminate\Session\Middleware\WriteSession->addCookieToResponse(NULL, Object(Illuminate\Session\Store))
#2 /home/heinzawhtet/Documents/websites/hexfic/vendor/laravel/framework/src/Illuminate/Routing/Stack.php(96): Illuminate\Session\Middleware\WriteSession->handle(Object(Illuminate\Http\Request), Object(Closure))
#3 /home/heinzawhtet/Documents/websites/hexfic/vendor/laravel/framework/src/Illuminate/Session/Middleware/ReadSession.php(49): Illuminate\Routing\Stack->Illuminate\Routing\{closure}(Object(Illuminate\Http\Request))
#4 /home/heinzawhtet/Documents/websites/hexfic/vendor/laravel/framework/src/Illuminate/Routing/Stack.php(96): Illuminate\Session\Middleware\ReadSession->handle(Object(Illuminate\Http\Request), Object(Closure))
#5 /home/heinzawhtet/Documents/websites/hexfic/vendor/laravel/framework/src/Illuminate/Cookie/Middleware/AddQueuedCookiesToRequest.php(36): Illuminate\Routing\Stack->Illuminate\Routing\{closure}(Object(Illuminate\Http\Request))
#6 /home/heinzawhtet/Documents/websites/hexfic/vendor/laravel/framework/src/Illuminate/Routing/Stack.php(96): Illuminate\Cookie\Middleware\AddQueuedCookiesToRequest->handle(Object(Illuminate\Http\Request), Object(Closure))
#7 /home/heinzawhtet/Documents/websites/hexfic/vendor/laravel/framework/src/Illuminate/Cookie/Middleware/EncryptCookies.php(40): Illuminate\Routing\Stack->Illuminate\Routing\{closure}(Object(Illuminate\Http\Request))
#8 /home/heinzawhtet/Documents/websites/hexfic/vendor/laravel/framework/src/Illuminate/Routing/Stack.php(96): Illuminate\Cookie\Middleware\EncryptCookies->handle(Object(Illuminate\Http\Request), Object(Closure))
#9 /home/heinzawhtet/Documents/websites/hexfic/app/Http/Middleware/UnderMaintenance.php(42): Illuminate\Routing\Stack->Illuminate\Routing\{closure}(Object(Illuminate\Http\Request))
#10 /home/heinzawhtet/Documents/websites/hexfic/vendor/laravel/framework/src/Illuminate/Routing/Stack.php(96): App\Http\Middleware\UnderMaintenance->handle(Object(Illuminate\Http\Request), Object(Closure))
#11 [internal function]: Illuminate\Routing\Stack->Illuminate\Routing\{closure}(Object(Illuminate\Http\Request))
#12 /home/heinzawhtet/Documents/websites/hexfic/vendor/laravel/framework/src/Illuminate/Routing/Stack.php(82): call_user_func(Object(Closure), Object(Illuminate\Http\Request))
#13 /home/heinzawhtet/Documents/websites/hexfic/vendor/laravel/framework/src/Illuminate/Foundation/Http/Kernel.php(75): Illuminate\Routing\Stack->then(Object(Closure))
#14 /home/heinzawhtet/Documents/websites/hexfic/app/Http/Kernel.php(34): Illuminate\Foundation\Http\Kernel->handle(Object(Illuminate\Http\Request))
#15 /home/heinzawhtet/Documents/websites/hexfic/public/index.php(53): App\Http\Kernel->handle(Object(Illuminate\Http\Request))
#16 /home/heinzawhtet/Documents/websites/hexfic/server.php(19): require_once('/home/heinzawht...')
#17 {main} [] []
[2014-11-07 04:18:10] local.ERROR: exception 'ErrorException' with message 'Argument 1 passed to Illuminate\Session\Middleware\WriteSession::addCookieToResponse() must be an instance of Symfony\Component\HttpFoundation\Response, null given, called in /home/heinzawhtet/Documents/websites/hexfic/vendor/laravel/framework/src/Illuminate/Session/Middleware/WriteSession.php on line 53 and defined' in /home/heinzawhtet/Documents/websites/hexfic/vendor/laravel/framework/src/Illuminate/Session/Middleware/WriteSession.php:96
Stack trace:
#0 /home/heinzawhtet/Documents/websites/hexfic/vendor/laravel/framework/src/Illuminate/Session/Middleware/WriteSession.php(96): Illuminate\Foundation\Bootstrap\HandleExceptions->handleError(4096, 'Argument 1 pass...', '/home/heinzawht...', 96, Array)
#1 /home/heinzawhtet/Documents/websites/hexfic/vendor/laravel/framework/src/Illuminate/Session/Middleware/WriteSession.php(53): Illuminate\Session\Middleware\WriteSession->addCookieToResponse(NULL, Object(Illuminate\Session\Store))
#2 /home/heinzawhtet/Documents/websites/hexfic/vendor/laravel/framework/src/Illuminate/Routing/Stack.php(96): Illuminate\Session\Middleware\WriteSession->handle(Object(Illuminate\Http\Request), Object(Closure))
#3 /home/heinzawhtet/Documents/websites/hexfic/vendor/laravel/framework/src/Illuminate/Session/Middleware/ReadSession.php(49): Illuminate\Routing\Stack->Illuminate\Routing\{closure}(Object(Illuminate\Http\Request))
#4 /home/heinzawhtet/Documents/websites/hexfic/vendor/laravel/framework/src/Illuminate/Routing/Stack.php(96): Illuminate\Session\Middleware\ReadSession->handle(Object(Illuminate\Http\Request), Object(Closure))
#5 /home/heinzawhtet/Documents/websites/hexfic/vendor/laravel/framework/src/Illuminate/Cookie/Middleware/AddQueuedCookiesToRequest.php(36): Illuminate\Routing\Stack->Illuminate\Routing\{closure}(Object(Illuminate\Http\Request))
#6 /home/heinzawhtet/Documents/websites/hexfic/vendor/laravel/framework/src/Illuminate/Routing/Stack.php(96): Illuminate\Cookie\Middleware\AddQueuedCookiesToRequest->handle(Object(Illuminate\Http\Request), Object(Closure))
#7 /home/heinzawhtet/Documents/websites/hexfic/vendor/laravel/framework/src/Illuminate/Cookie/Middleware/EncryptCookies.php(40): Illuminate\Routing\Stack->Illuminate\Routing\{closure}(Object(Illuminate\Http\Request))
#8 /home/heinzawhtet/Documents/websites/hexfic/vendor/laravel/framework/src/Illuminate/Routing/Stack.php(96): Illuminate\Cookie\Middleware\EncryptCookies->handle(Object(Illuminate\Http\Request), Object(Closure))
#9 /home/heinzawhtet/Documents/websites/hexfic/app/Http/Middleware/UnderMaintenance.php(42): Illuminate\Routing\Stack->Illuminate\Routing\{closure}(Object(Illuminate\Http\Request))
#10 /home/heinzawhtet/Documents/websites/hexfic/vendor/laravel/framework/src/Illuminate/Routing/Stack.php(96): App\Http\Middleware\UnderMaintenance->handle(Object(Illuminate\Http\Request), Object(Closure))
#11 [internal function]: Illuminate\Routing\Stack->Illuminate\Routing\{closure}(Object(Illuminate\Http\Request))
#12 /home/heinzawhtet/Documents/websites/hexfic/vendor/laravel/framework/src/Illuminate/Routing/Stack.php(82): call_user_func(Object(Closure), Object(Illuminate\Http\Request))
#13 /home/heinzawhtet/Documents/websites/hexfic/vendor/laravel/framework/src/Illuminate/Foundation/Http/Kernel.php(75): Illuminate\Routing\Stack->then(Object(Closure))
#14 /home/heinzawhtet/Documents/websites/hexfic/app/Http/Kernel.php(34): Illuminate\Foundation\Http\Kernel->handle(Object(Illuminate\Http\Request))
#15 /home/heinzawhtet/Documents/websites/hexfic/public/index.php(53): App\Http\Kernel->handle(Object(Illuminate\Http\Request))
#16 /home/heinzawhtet/Documents/websites/hexfic/server.php(19): require_once('/home/heinzawht...')
#17 {main} [] []
[2014-11-07 04:19:09] local.ERROR: exception 'ErrorException' with message 'Argument 1 passed to Illuminate\Session\Middleware\WriteSession::addCookieToResponse() must be an instance of Symfony\Component\HttpFoundation\Response, null given, called in /home/heinzawhtet/Documents/websites/hexfic/vendor/laravel/framework/src/Illuminate/Session/Middleware/WriteSession.php on line 53 and defined' in /home/heinzawhtet/Documents/websites/hexfic/vendor/laravel/framework/src/Illuminate/Session/Middleware/WriteSession.php:96
Stack trace:
#0 /home/heinzawhtet/Documents/websites/hexfic/vendor/laravel/framework/src/Illuminate/Session/Middleware/WriteSession.php(96): Illuminate\Foundation\Bootstrap\HandleExceptions->handleError(4096, 'Argument 1 pass...', '/home/heinzawht...', 96, Array)
#1 /home/heinzawhtet/Documents/websites/hexfic/vendor/laravel/framework/src/Illuminate/Session/Middleware/WriteSession.php(53): Illuminate\Session\Middleware\WriteSession->addCookieToResponse(NULL, Object(Illuminate\Session\Store))
#2 /home/heinzawhtet/Documents/websites/hexfic/vendor/laravel/framework/src/Illuminate/Routing/Stack.php(96): Illuminate\Session\Middleware\WriteSession->handle(Object(Illuminate\Http\Request), Object(Closure))
#3 /home/heinzawhtet/Documents/websites/hexfic/vendor/laravel/framework/src/Illuminate/Session/Middleware/ReadSession.php(49): Illuminate\Routing\Stack->Illuminate\Routing\{closure}(Object(Illuminate\Http\Request))
#4 /home/heinzawhtet/Documents/websites/hexfic/vendor/laravel/framework/src/Illuminate/Routing/Stack.php(96): Illuminate\Session\Middleware\ReadSession->handle(Object(Illuminate\Http\Request), Object(Closure))
#5 /home/heinzawhtet/Documents/websites/hexfic/vendor/laravel/framework/src/Illuminate/Cookie/Middleware/AddQueuedCookiesToRequest.php(36): Illuminate\Routing\Stack->Illuminate\Routing\{closure}(Object(Illuminate\Http\Request))
#6 /home/heinzawhtet/Documents/websites/hexfic/vendor/laravel/framework/src/Illuminate/Routing/Stack.php(96): Illuminate\Cookie\Middleware\AddQueuedCookiesToRequest->handle(Object(Illuminate\Http\Request), Object(Closure))
#7 /home/heinzawhtet/Documents/websites/hexfic/vendor/laravel/framework/src/Illuminate/Cookie/Middleware/EncryptCookies.php(40): Illuminate\Routing\Stack->Illuminate\Routing\{closure}(Object(Illuminate\Http\Request))
#8 /home/heinzawhtet/Documents/websites/hexfic/vendor/laravel/framework/src/Illuminate/Routing/Stack.php(96): Illuminate\Cookie\Middleware\EncryptCookies->handle(Object(Illuminate\Http\Request), Object(Closure))
#9 /home/heinzawhtet/Documents/websites/hexfic/app/Http/Middleware/UnderMaintenance.php(42): Illuminate\Routing\Stack->Illuminate\Routing\{closure}(Object(Illuminate\Http\Request))
#10 /home/heinzawhtet/Documents/websites/hexfic/vendor/laravel/framework/src/Illuminate/Routing/Stack.php(96): App\Http\Middleware\UnderMaintenance->handle(Object(Illuminate\Http\Request), Object(Closure))
#11 [internal function]: Illuminate\Routing\Stack->Illuminate\Routing\{closure}(Object(Illuminate\Http\Request))
#12 /home/heinzawhtet/Documents/websites/hexfic/vendor/laravel/framework/src/Illuminate/Routing/Stack.php(82): call_user_func(Object(Closure), Object(Illuminate\Http\Request))
#13 /home/heinzawhtet/Documents/websites/hexfic/vendor/laravel/framework/src/Illuminate/Foundation/Http/Kernel.php(75): Illuminate\Routing\Stack->then(Object(Closure))
#14 /home/heinzawhtet/Documents/websites/hexfic/app/Http/Kernel.php(34): Illuminate\Foundation\Http\Kernel->handle(Object(Illuminate\Http\Request))
#15 /home/heinzawhtet/Documents/websites/hexfic/public/index.php(53): App\Http\Kernel->handle(Object(Illuminate\Http\Request))
#16 /home/heinzawhtet/Documents/websites/hexfic/server.php(19): require_once('/home/heinzawht...')
#17 {main} [] []
[2014-11-07 04:20:02] local.ERROR: exception 'ErrorException' with message 'Argument 1 passed to Illuminate\Session\Middleware\WriteSession::addCookieToResponse() must be an instance of Symfony\Component\HttpFoundation\Response, null given, called in /home/heinzawhtet/Documents/websites/hexfic/vendor/laravel/framework/src/Illuminate/Session/Middleware/WriteSession.php on line 53 and defined' in /home/heinzawhtet/Documents/websites/hexfic/vendor/laravel/framework/src/Illuminate/Session/Middleware/WriteSession.php:96
Stack trace:
#0 /home/heinzawhtet/Documents/websites/hexfic/vendor/laravel/framework/src/Illuminate/Session/Middleware/WriteSession.php(96): Illuminate\Foundation\Bootstrap\HandleExceptions->handleError(4096, 'Argument 1 pass...', '/home/heinzawht...', 96, Array)
#1 /home/heinzawhtet/Documents/websites/hexfic/vendor/laravel/framework/src/Illuminate/Session/Middleware/WriteSession.php(53): Illuminate\Session\Middleware\WriteSession->addCookieToResponse(NULL, Object(Illuminate\Session\Store))
#2 /home/heinzawhtet/Documents/websites/hexfic/vendor/laravel/framework/src/Illuminate/Routing/Stack.php(96): Illuminate\Session\Middleware\WriteSession->handle(Object(Illuminate\Http\Request), Object(Closure))
#3 /home/heinzawhtet/Documents/websites/hexfic/vendor/laravel/framework/src/Illuminate/Session/Middleware/ReadSession.php(49): Illuminate\Routing\Stack->Illuminate\Routing\{closure}(Object(Illuminate\Http\Request))
#4 /home/heinzawhtet/Documents/websites/hexfic/vendor/laravel/framework/src/Illuminate/Routing/Stack.php(96): Illuminate\Session\Middleware\ReadSession->handle(Object(Illuminate\Http\Request), Object(Closure))
#5 /home/heinzawhtet/Documents/websites/hexfic/vendor/laravel/framework/src/Illuminate/Cookie/Middleware/AddQueuedCookiesToRequest.php(36): Illuminate\Routing\Stack->Illuminate\Routing\{closure}(Object(Illuminate\Http\Request))
#6 /home/heinzawhtet/Documents/websites/hexfic/vendor/laravel/framework/src/Illuminate/Routing/Stack.php(96): Illuminate\Cookie\Middleware\AddQueuedCookiesToRequest->handle(Object(Illuminate\Http\Request), Object(Closure))
#7 /home/heinzawhtet/Documents/websites/hexfic/vendor/laravel/framework/src/Illuminate/Cookie/Middleware/EncryptCookies.php(40): Illuminate\Routing\Stack->Illuminate\Routing\{closure}(Object(Illuminate\Http\Request))
#8 /home/heinzawhtet/Documents/websites/hexfic/vendor/laravel/framework/src/Illuminate/Routing/Stack.php(96): Illuminate\Cookie\Middleware\EncryptCookies->handle(Object(Illuminate\Http\Request), Object(Closure))
#9 /home/heinzawhtet/Documents/websites/hexfic/app/Http/Middleware/UnderMaintenance.php(42): Illuminate\Routing\Stack->Illuminate\Routing\{closure}(Object(Illuminate\Http\Request))
#10 /home/heinzawhtet/Documents/websites/hexfic/vendor/laravel/framework/src/Illuminate/Routing/Stack.php(96): App\Http\Middleware\UnderMaintenance->handle(Object(Illuminate\Http\Request), Object(Closure))
#11 [internal function]: Illuminate\Routing\Stack->Illuminate\Routing\{closure}(Object(Illuminate\Http\Request))
#12 /home/heinzawhtet/Documents/websites/hexfic/vendor/laravel/framework/src/Illuminate/Routing/Stack.php(82): call_user_func(Object(Closure), Object(Illuminate\Http\Request))
#13 /home/heinzawhtet/Documents/websites/hexfic/vendor/laravel/framework/src/Illuminate/Foundation/Http/Kernel.php(75): Illuminate\Routing\Stack->then(Object(Closure))
#14 /home/heinzawhtet/Documents/websites/hexfic/app/Http/Kernel.php(34): Illuminate\Foundation\Http\Kernel->handle(Object(Illuminate\Http\Request))
#15 /home/heinzawhtet/Documents/websites/hexfic/public/index.php(53): App\Http\Kernel->handle(Object(Illuminate\Http\Request))
#16 /home/heinzawhtet/Documents/websites/hexfic/server.php(19): require_once('/home/heinzawht...')
#17 {main} [] []
[2014-11-07 04:20:08] local.ERROR: exception 'ReflectionException' with message 'Class App\Http\Requests\RegisterRequest does not exist' in /home/heinzawhtet/Documents/websites/hexfic/vendor/laravel/framework/src/Illuminate/Routing/RouteDependencyResolverTrait.php:53
Stack trace:
#0 /home/heinzawhtet/Documents/websites/hexfic/vendor/laravel/framework/src/Illuminate/Routing/RouteDependencyResolverTrait.php(53): ReflectionParameter->getClass()
#1 /home/heinzawhtet/Documents/websites/hexfic/vendor/laravel/framework/src/Illuminate/Routing/RouteDependencyResolverTrait.php(36): Illuminate\Routing\ControllerDispatcher->resolveMethodDependencies(Array, Object(ReflectionMethod))
#2 /home/heinzawhtet/Documents/websites/hexfic/vendor/laravel/framework/src/Illuminate/Routing/ControllerDispatcher.php(159): Illuminate\Routing\ControllerDispatcher->resolveClassMethodDependencies(Array, Object(App\Http\Controllers\StatusController), 'store')
#3 /home/heinzawhtet/Documents/websites/hexfic/vendor/laravel/framework/src/Illuminate/Routing/ControllerDispatcher.php(106): Illuminate\Routing\ControllerDispatcher->call(Object(App\Http\Controllers\StatusController), Object(Illuminate\Routing\Route), 'store')
#4 [internal function]: Illuminate\Routing\ControllerDispatcher->Illuminate\Routing\{closure}(Object(Illuminate\Http\Request))
#5 /home/heinzawhtet/Documents/websites/hexfic/vendor/laravel/framework/src/Illuminate/Routing/Stack.php(111): call_user_func(Object(Closure), Object(Illuminate\Http\Request))
#6 [internal function]: Illuminate\Routing\Stack->Illuminate\Routing\{closure}(Object(Illuminate\Http\Request))
#7 /home/heinzawhtet/Documents/websites/hexfic/vendor/laravel/framework/src/Illuminate/Routing/Stack.php(82): call_user_func(Object(Closure), Object(Illuminate\Http\Request))
#8 /home/heinzawhtet/Documents/websites/hexfic/vendor/laravel/framework/src/Illuminate/Routing/ControllerDispatcher.php(107): Illuminate\Routing\Stack->then(Object(Closure))
#9 /home/heinzawhtet/Documents/websites/hexfic/vendor/laravel/framework/src/Illuminate/Routing/ControllerDispatcher.php(66): Illuminate\Routing\ControllerDispatcher->callWithinStack(Object(App\Http\Controllers\StatusController), Object(Illuminate\Routing\Route), Object(Illuminate\Http\Request), 'store')
#10 /home/heinzawhtet/Documents/websites/hexfic/vendor/laravel/framework/src/Illuminate/Routing/Route.php(197): Illuminate\Routing\ControllerDispatcher->dispatch(Object(Illuminate\Routing\Route), Object(Illuminate\Http\Request), 'App\\Http\\Contro...', 'store')
#11 /home/heinzawhtet/Documents/websites/hexfic/vendor/laravel/framework/src/Illuminate/Routing/Route.php(130): Illuminate\Routing\Route->runWithCustomDispatcher(Object(Illuminate\Http\Request))
#12 /home/heinzawhtet/Documents/websites/hexfic/vendor/laravel/framework/src/Illuminate/Routing/Router.php(672): Illuminate\Routing\Route->run(Object(Illuminate\Http\Request))
#13 [internal function]: Illuminate\Routing\Router->Illuminate\Routing\{closure}(Object(Illuminate\Http\Request))
#14 /home/heinzawhtet/Documents/websites/hexfic/vendor/laravel/framework/src/Illuminate/Routing/Stack.php(111): call_user_func(Object(Closure), Object(Illuminate\Http\Request))
#15 [internal function]: Illuminate\Routing\Stack->Illuminate\Routing\{closure}(Object(Illuminate\Http\Request))
#16 /home/heinzawhtet/Documents/websites/hexfic/vendor/laravel/framework/src/Illuminate/Routing/Stack.php(82): call_user_func(Object(Closure), Object(Illuminate\Http\Request))
#17 /home/heinzawhtet/Documents/websites/hexfic/vendor/laravel/framework/src/Illuminate/Routing/Router.php(673): Illuminate\Routing\Stack->then(Object(Closure))
#18 /home/heinzawhtet/Documents/websites/hexfic/vendor/laravel/framework/src/Illuminate/Routing/Router.php(643): Illuminate\Routing\Router->runRouteWithinStack(Object(Illuminate\Routing\Route), Object(Illuminate\Http\Request))
#19 /home/heinzawhtet/Documents/websites/hexfic/vendor/laravel/framework/src/Illuminate/Routing/Router.php(601): Illuminate\Routing\Router->dispatchToRoute(Object(Illuminate\Http\Request))
#20 /home/heinzawhtet/Documents/websites/hexfic/vendor/laravel/framework/src/Illuminate/Foundation/Http/Kernel.php(122): Illuminate\Routing\Router->dispatch(Object(Illuminate\Http\Request))
#21 [internal function]: Illuminate\Foundation\Http\Kernel->Illuminate\Foundation\Http\{closure}(Object(Illuminate\Http\Request))
#22 /home/heinzawhtet/Documents/websites/hexfic/vendor/laravel/framework/src/Illuminate/Routing/Stack.php(111): call_user_func(Object(Closure), Object(Illuminate\Http\Request))
#23 /home/heinzawhtet/Documents/websites/hexfic/app/Http/Middleware/VerifyApiKey.php(19): Illuminate\Routing\Stack->Illuminate\Routing\{closure}(Object(Illuminate\Http\Request))
#24 /home/heinzawhtet/Documents/websites/hexfic/vendor/laravel/framework/src/Illuminate/Routing/Stack.php(96): App\Http\Middleware\VerifyApiKey->handle(Object(Illuminate\Http\Request), Object(Closure))
#25 /home/heinzawhtet/Documents/websites/hexfic/vendor/laravel/framework/src/Illuminate/View/Middleware/ShareErrorsFromSession.php(55): Illuminate\Routing\Stack->Illuminate\Routing\{closure}(Object(Illuminate\Http\Request))
#26 /home/heinzawhtet/Documents/websites/hexfic/vendor/laravel/framework/src/Illuminate/Routing/Stack.php(96): Illuminate\View\Middleware\ShareErrorsFromSession->handle(Object(Illuminate\Http\Request), Object(Closure))
#27 /home/heinzawhtet/Documents/websites/hexfic/vendor/laravel/framework/src/Illuminate/Session/Middleware/WriteSession.php(42): Illuminate\Routing\Stack->Illuminate\Routing\{closure}(Object(Illuminate\Http\Request))
#28 /home/heinzawhtet/Documents/websites/hexfic/vendor/laravel/framework/src/Illuminate/Routing/Stack.php(96): Illuminate\Session\Middleware\WriteSession->handle(Object(Illuminate\Http\Request), Object(Closure))
#29 /home/heinzawhtet/Documents/websites/hexfic/vendor/laravel/framework/src/Illuminate/Session/Middleware/ReadSession.php(49): Illuminate\Routing\Stack->Illuminate\Routing\{closure}(Object(Illuminate\Http\Request))
#30 /home/heinzawhtet/Documents/websites/hexfic/vendor/laravel/framework/src/Illuminate/Routing/Stack.php(96): Illuminate\Session\Middleware\ReadSession->handle(Object(Illuminate\Http\Request), Object(Closure))
#31 /home/heinzawhtet/Documents/websites/hexfic/vendor/laravel/framework/src/Illuminate/Cookie/Middleware/AddQueuedCookiesToRequest.php(36): Illuminate\Routing\Stack->Illuminate\Routing\{closure}(Object(Illuminate\Http\Request))
#32 /home/heinzawhtet/Documents/websites/hexfic/vendor/laravel/framework/src/Illuminate/Routing/Stack.php(96): Illuminate\Cookie\Middleware\AddQueuedCookiesToRequest->handle(Object(Illuminate\Http\Request), Object(Closure))
#33 /home/heinzawhtet/Documents/websites/hexfic/vendor/laravel/framework/src/Illuminate/Cookie/Middleware/EncryptCookies.php(40): Illuminate\Routing\Stack->Illuminate\Routing\{closure}(Object(Illuminate\Http\Request))
#34 /home/heinzawhtet/Documents/websites/hexfic/vendor/laravel/framework/src/Illuminate/Routing/Stack.php(96): Illuminate\Cookie\Middleware\EncryptCookies->handle(Object(Illuminate\Http\Request), Object(Closure))
#35 /home/heinzawhtet/Documents/websites/hexfic/app/Http/Middleware/UnderMaintenance.php(42): Illuminate\Routing\Stack->Illuminate\Routing\{closure}(Object(Illuminate\Http\Request))
#36 /home/heinzawhtet/Documents/websites/hexfic/vendor/laravel/framework/src/Illuminate/Routing/Stack.php(96): App\Http\Middleware\UnderMaintenance->handle(Object(Illuminate\Http\Request), Object(Closure))
#37 [internal function]: Illuminate\Routing\Stack->Illuminate\Routing\{closure}(Object(Illuminate\Http\Request))
#38 /home/heinzawhtet/Documents/websites/hexfic/vendor/laravel/framework/src/Illuminate/Routing/Stack.php(82): call_user_func(Object(Closure), Object(Illuminate\Http\Request))
#39 /home/heinzawhtet/Documents/websites/hexfic/vendor/laravel/framework/src/Illuminate/Foundation/Http/Kernel.php(75): Illuminate\Routing\Stack->then(Object(Closure))
#40 /home/heinzawhtet/Documents/websites/hexfic/app/Http/Kernel.php(34): Illuminate\Foundation\Http\Kernel->handle(Object(Illuminate\Http\Request))
#41 /home/heinzawhtet/Documents/websites/hexfic/public/index.php(53): App\Http\Kernel->handle(Object(Illuminate\Http\Request))
#42 /home/heinzawhtet/Documents/websites/hexfic/server.php(19): require_once('/home/heinzawht...')
#43 {main} [] []
[2014-11-07 04:21:04] local.ERROR: exception 'Symfony\Component\HttpKernel\Exception\NotFoundHttpException' in /home/heinzawhtet/Documents/websites/hexfic/vendor/laravel/framework/src/Illuminate/Routing/RouteCollection.php:145
Stack trace:
#0 /home/heinzawhtet/Documents/websites/hexfic/vendor/laravel/framework/src/Illuminate/Routing/Router.php(699): Illuminate\Routing\RouteCollection->match(Object(Illuminate\Http\Request))
#1 /home/heinzawhtet/Documents/websites/hexfic/vendor/laravel/framework/src/Illuminate/Routing/Router.php(625): Illuminate\Routing\Router->findRoute(Object(Illuminate\Http\Request))
#2 /home/heinzawhtet/Documents/websites/hexfic/vendor/laravel/framework/src/Illuminate/Routing/Router.php(601): Illuminate\Routing\Router->dispatchToRoute(Object(Illuminate\Http\Request))
#3 /home/heinzawhtet/Documents/websites/hexfic/vendor/laravel/framework/src/Illuminate/Foundation/Http/Kernel.php(122): Illuminate\Routing\Router->dispatch(Object(Illuminate\Http\Request))
#4 [internal function]: Illuminate\Foundation\Http\Kernel->Illuminate\Foundation\Http\{closure}(Object(Illuminate\Http\Request))
#5 /home/heinzawhtet/Documents/websites/hexfic/vendor/laravel/framework/src/Illuminate/Routing/Stack.php(111): call_user_func(Object(Closure), Object(Illuminate\Http\Request))
#6 /home/heinzawhtet/Documents/websites/hexfic/app/Http/Middleware/VerifyApiKey.php(19): Illuminate\Routing\Stack->Illuminate\Routing\{closure}(Object(Illuminate\Http\Request))
#7 /home/heinzawhtet/Documents/websites/hexfic/vendor/laravel/framework/src/Illuminate/Routing/Stack.php(96): App\Http\Middleware\VerifyApiKey->handle(Object(Illuminate\Http\Request), Object(Closure))
#8 /home/heinzawhtet/Documents/websites/hexfic/vendor/laravel/framework/src/Illuminate/View/Middleware/ShareErrorsFromSession.php(55): Illuminate\Routing\Stack->Illuminate\Routing\{closure}(Object(Illuminate\Http\Request))
#9 /home/heinzawhtet/Documents/websites/hexfic/vendor/laravel/framework/src/Illuminate/Routing/Stack.php(96): Illuminate\View\Middleware\ShareErrorsFromSession->handle(Object(Illuminate\Http\Request), Object(Closure))
#10 /home/heinzawhtet/Documents/websites/hexfic/vendor/laravel/framework/src/Illuminate/Session/Middleware/WriteSession.php(42): Illuminate\Routing\Stack->Illuminate\Routing\{closure}(Object(Illuminate\Http\Request))
#11 /home/heinzawhtet/Documents/websites/hexfic/vendor/laravel/framework/src/Illuminate/Routing/Stack.php(96): Illuminate\Session\Middleware\WriteSession->handle(Object(Illuminate\Http\Request), Object(Closure))
#12 /home/heinzawhtet/Documents/websites/hexfic/vendor/laravel/framework/src/Illuminate/Session/Middleware/ReadSession.php(49): Illuminate\Routing\Stack->Illuminate\Routing\{closure}(Object(Illuminate\Http\Request))
#13 /home/heinzawhtet/Documents/websites/hexfic/vendor/laravel/framework/src/Illuminate/Routing/Stack.php(96): Illuminate\Session\Middleware\ReadSession->handle(Object(Illuminate\Http\Request), Object(Closure))
#14 /home/heinzawhtet/Documents/websites/hexfic/vendor/laravel/framework/src/Illuminate/Cookie/Middleware/AddQueuedCookiesToRequest.php(36): Illuminate\Routing\Stack->Illuminate\Routing\{closure}(Object(Illuminate\Http\Request))
#15 /home/heinzawhtet/Documents/websites/hexfic/vendor/laravel/framework/src/Illuminate/Routing/Stack.php(96): Illuminate\Cookie\Middleware\AddQueuedCookiesToRequest->handle(Object(Illuminate\Http\Request), Object(Closure))
#16 /home/heinzawhtet/Documents/websites/hexfic/vendor/laravel/framework/src/Illuminate/Cookie/Middleware/EncryptCookies.php(40): Illuminate\Routing\Stack->Illuminate\Routing\{closure}(Object(Illuminate\Http\Request))
#17 /home/heinzawhtet/Documents/websites/hexfic/vendor/laravel/framework/src/Illuminate/Routing/Stack.php(96): Illuminate\Cookie\Middleware\EncryptCookies->handle(Object(Illuminate\Http\Request), Object(Closure))
#18 /home/heinzawhtet/Documents/websites/hexfic/app/Http/Middleware/UnderMaintenance.php(42): Illuminate\Routing\Stack->Illuminate\Routing\{closure}(Object(Illuminate\Http\Request))
#19 /home/heinzawhtet/Documents/websites/hexfic/vendor/laravel/framework/src/Illuminate/Routing/Stack.php(96): App\Http\Middleware\UnderMaintenance->handle(Object(Illuminate\Http\Request), Object(Closure))
#20 [internal function]: Illuminate\Routing\Stack->Illuminate\Routing\{closure}(Object(Illuminate\Http\Request))
#21 /home/heinzawhtet/Documents/websites/hexfic/vendor/laravel/framework/src/Illuminate/Routing/Stack.php(82): call_user_func(Object(Closure), Object(Illuminate\Http\Request))
#22 /home/heinzawhtet/Documents/websites/hexfic/vendor/laravel/framework/src/Illuminate/Foundation/Http/Kernel.php(75): Illuminate\Routing\Stack->then(Object(Closure))
#23 /home/heinzawhtet/Documents/websites/hexfic/app/Http/Kernel.php(34): Illuminate\Foundation\Http\Kernel->handle(Object(Illuminate\Http\Request))
#24 /home/heinzawhtet/Documents/websites/hexfic/public/index.php(53): App\Http\Kernel->handle(Object(Illuminate\Http\Request))
#25 /home/heinzawhtet/Documents/websites/hexfic/server.php(19): require_once('/home/heinzawht...')
#26 {main} [] []
[2014-11-07 04:21:14] local.ERROR: exception 'ReflectionException' with message 'Class App\Http\Requests\RegisterRequest does not exist' in /home/heinzawhtet/Documents/websites/hexfic/vendor/laravel/framework/src/Illuminate/Routing/RouteDependencyResolverTrait.php:53
Stack trace:
#0 /home/heinzawhtet/Documents/websites/hexfic/vendor/laravel/framework/src/Illuminate/Routing/RouteDependencyResolverTrait.php(53): ReflectionParameter->getClass()
#1 /home/heinzawhtet/Documents/websites/hexfic/vendor/laravel/framework/src/Illuminate/Routing/RouteDependencyResolverTrait.php(36): Illuminate\Routing\ControllerDispatcher->resolveMethodDependencies(Array, Object(ReflectionMethod))
#2 /home/heinzawhtet/Documents/websites/hexfic/vendor/laravel/framework/src/Illuminate/Routing/ControllerDispatcher.php(159): Illuminate\Routing\ControllerDispatcher->resolveClassMethodDependencies(Array, Object(App\Http\Controllers\StatusController), 'store')
#3 /home/heinzawhtet/Documents/websites/hexfic/vendor/laravel/framework/src/Illuminate/Routing/ControllerDispatcher.php(106): Illuminate\Routing\ControllerDispatcher->call(Object(App\Http\Controllers\StatusController), Object(Illuminate\Routing\Route), 'store')
#4 [internal function]: Illuminate\Routing\ControllerDispatcher->Illuminate\Routing\{closure}(Object(Illuminate\Http\Request))
#5 /home/heinzawhtet/Documents/websites/hexfic/vendor/laravel/framework/src/Illuminate/Routing/Stack.php(111): call_user_func(Object(Closure), Object(Illuminate\Http\Request))
#6 [internal function]: Illuminate\Routing\Stack->Illuminate\Routing\{closure}(Object(Illuminate\Http\Request))
#7 /home/heinzawhtet/Documents/websites/hexfic/vendor/laravel/framework/src/Illuminate/Routing/Stack.php(82): call_user_func(Object(Closure), Object(Illuminate\Http\Request))
#8 /home/heinzawhtet/Documents/websites/hexfic/vendor/laravel/framework/src/Illuminate/Routing/ControllerDispatcher.php(107): Illuminate\Routing\Stack->then(Object(Closure))
#9 /home/heinzawhtet/Documents/websites/hexfic/vendor/laravel/framework/src/Illuminate/Routing/ControllerDispatcher.php(66): Illuminate\Routing\ControllerDispatcher->callWithinStack(Object(App\Http\Controllers\StatusController), Object(Illuminate\Routing\Route), Object(Illuminate\Http\Request), 'store')
#10 /home/heinzawhtet/Documents/websites/hexfic/vendor/laravel/framework/src/Illuminate/Routing/Route.php(197): Illuminate\Routing\ControllerDispatcher->dispatch(Object(Illuminate\Routing\Route), Object(Illuminate\Http\Request), 'App\\Http\\Contro...', 'store')
#11 /home/heinzawhtet/Documents/websites/hexfic/vendor/laravel/framework/src/Illuminate/Routing/Route.php(130): Illuminate\Routing\Route->runWithCustomDispatcher(Object(Illuminate\Http\Request))
#12 /home/heinzawhtet/Documents/websites/hexfic/vendor/laravel/framework/src/Illuminate/Routing/Router.php(672): Illuminate\Routing\Route->run(Object(Illuminate\Http\Request))
#13 [internal function]: Illuminate\Routing\Router->Illuminate\Routing\{closure}(Object(Illuminate\Http\Request))
#14 /home/heinzawhtet/Documents/websites/hexfic/vendor/laravel/framework/src/Illuminate/Routing/Stack.php(111): call_user_func(Object(Closure), Object(Illuminate\Http\Request))
#15 [internal function]: Illuminate\Routing\Stack->Illuminate\Routing\{closure}(Object(Illuminate\Http\Request))
#16 /home/heinzawhtet/Documents/websites/hexfic/vendor/laravel/framework/src/Illuminate/Routing/Stack.php(82): call_user_func(Object(Closure), Object(Illuminate\Http\Request))
#17 /home/heinzawhtet/Documents/websites/hexfic/vendor/laravel/framework/src/Illuminate/Routing/Router.php(673): Illuminate\Routing\Stack->then(Object(Closure))
#18 /home/heinzawhtet/Documents/websites/hexfic/vendor/laravel/framework/src/Illuminate/Routing/Router.php(643): Illuminate\Routing\Router->runRouteWithinStack(Object(Illuminate\Routing\Route), Object(Illuminate\Http\Request))
#19 /home/heinzawhtet/Documents/websites/hexfic/vendor/laravel/framework/src/Illuminate/Routing/Router.php(601): Illuminate\Routing\Router->dispatchToRoute(Object(Illuminate\Http\Request))
#20 /home/heinzawhtet/Documents/websites/hexfic/vendor/laravel/framework/src/Illuminate/Foundation/Http/Kernel.php(122): Illuminate\Routing\Router->dispatch(Object(Illuminate\Http\Request))
#21 [internal function]: Illuminate\Foundation\Http\Kernel->Illuminate\Foundation\Http\{closure}(Object(Illuminate\Http\Request))
#22 /home/heinzawhtet/Documents/websites/hexfic/vendor/laravel/framework/src/Illuminate/Routing/Stack.php(111): call_user_func(Object(Closure), Object(Illuminate\Http\Request))
#23 /home/heinzawhtet/Documents/websites/hexfic/app/Http/Middleware/VerifyApiKey.php(19): Illuminate\Routing\Stack->Illuminate\Routing\{closure}(Object(Illuminate\Http\Request))
#24 /home/heinzawhtet/Documents/websites/hexfic/vendor/laravel/framework/src/Illuminate/Routing/Stack.php(96): App\Http\Middleware\VerifyApiKey->handle(Object(Illuminate\Http\Request), Object(Closure))
#25 /home/heinzawhtet/Documents/websites/hexfic/vendor/laravel/framework/src/Illuminate/View/Middleware/ShareErrorsFromSession.php(55): Illuminate\Routing\Stack->Illuminate\Routing\{closure}(Object(Illuminate\Http\Request))
#26 /home/heinzawhtet/Documents/websites/hexfic/vendor/laravel/framework/src/Illuminate/Routing/Stack.php(96): Illuminate\View\Middleware\ShareErrorsFromSession->handle(Object(Illuminate\Http\Request), Object(Closure))
#27 /home/heinzawhtet/Documents/websites/hexfic/vendor/laravel/framework/src/Illuminate/Session/Middleware/WriteSession.php(42): Illuminate\Routing\Stack->Illuminate\Routing\{closure}(Object(Illuminate\Http\Request))
#28 /home/heinzawhtet/Documents/websites/hexfic/vendor/laravel/framework/src/Illuminate/Routing/Stack.php(96): Illuminate\Session\Middleware\WriteSession->handle(Object(Illuminate\Http\Request), Object(Closure))
#29 /home/heinzawhtet/Documents/websites/hexfic/vendor/laravel/framework/src/Illuminate/Session/Middleware/ReadSession.php(49): Illuminate\Routing\Stack->Illuminate\Routing\{closure}(Object(Illuminate\Http\Request))
#30 /home/heinzawhtet/Documents/websites/hexfic/vendor/laravel/framework/src/Illuminate/Routing/Stack.php(96): Illuminate\Session\Middleware\ReadSession->handle(Object(Illuminate\Http\Request), Object(Closure))
#31 /home/heinzawhtet/Documents/websites/hexfic/vendor/laravel/framework/src/Illuminate/Cookie/Middleware/AddQueuedCookiesToRequest.php(36): Illuminate\Routing\Stack->Illuminate\Routing\{closure}(Object(Illuminate\Http\Request))
#32 /home/heinzawhtet/Documents/websites/hexfic/vendor/laravel/framework/src/Illuminate/Routing/Stack.php(96): Illuminate\Cookie\Middleware\AddQueuedCookiesToRequest->handle(Object(Illuminate\Http\Request), Object(Closure))
#33 /home/heinzawhtet/Documents/websites/hexfic/vendor/laravel/framework/src/Illuminate/Cookie/Middleware/EncryptCookies.php(40): Illuminate\Routing\Stack->Illuminate\Routing\{closure}(Object(Illuminate\Http\Request))
#34 /home/heinzawhtet/Documents/websites/hexfic/vendor/laravel/framework/src/Illuminate/Routing/Stack.php(96): Illuminate\Cookie\Middleware\EncryptCookies->handle(Object(Illuminate\Http\Request), Object(Closure))
#35 /home/heinzawhtet/Documents/websites/hexfic/app/Http/Middleware/UnderMaintenance.php(42): Illuminate\Routing\Stack->Illuminate\Routing\{closure}(Object(Illuminate\Http\Request))
#36 /home/heinzawhtet/Documents/websites/hexfic/vendor/laravel/framework/src/Illuminate/Routing/Stack.php(96): App\Http\Middleware\UnderMaintenance->handle(Object(Illuminate\Http\Request), Object(Closure))
#37 [internal function]: Illuminate\Routing\Stack->Illuminate\Routing\{closure}(Object(Illuminate\Http\Request))
#38 /home/heinzawhtet/Documents/websites/hexfic/vendor/laravel/framework/src/Illuminate/Routing/Stack.php(82): call_user_func(Object(Closure), Object(Illuminate\Http\Request))
#39 /home/heinzawhtet/Documents/websites/hexfic/vendor/laravel/framework/src/Illuminate/Foundation/Http/Kernel.php(75): Illuminate\Routing\Stack->then(Object(Closure))
#40 /home/heinzawhtet/Documents/websites/hexfic/app/Http/Kernel.php(34): Illuminate\Foundation\Http\Kernel->handle(Object(Illuminate\Http\Request))
#41 /home/heinzawhtet/Documents/websites/hexfic/public/index.php(53): App\Http\Kernel->handle(Object(Illuminate\Http\Request))
#42 /home/heinzawhtet/Documents/websites/hexfic/server.php(19): require_once('/home/heinzawht...')
#43 {main} [] []
[2014-11-07 04:22:05] local.ERROR: exception 'ErrorException' with message 'Argument 1 passed to Illuminate\Session\Middleware\WriteSession::addCookieToResponse() must be an instance of Symfony\Component\HttpFoundation\Response, null given, called in /home/heinzawhtet/Documents/websites/hexfic/vendor/laravel/framework/src/Illuminate/Session/Middleware/WriteSession.php on line 53 and defined' in /home/heinzawhtet/Documents/websites/hexfic/vendor/laravel/framework/src/Illuminate/Session/Middleware/WriteSession.php:96
Stack trace:
#0 /home/heinzawhtet/Documents/websites/hexfic/vendor/laravel/framework/src/Illuminate/Session/Middleware/WriteSession.php(96): Illuminate\Foundation\Bootstrap\HandleExceptions->handleError(4096, 'Argument 1 pass...', '/home/heinzawht...', 96, Array)
#1 /home/heinzawhtet/Documents/websites/hexfic/vendor/laravel/framework/src/Illuminate/Session/Middleware/WriteSession.php(53): Illuminate\Session\Middleware\WriteSession->addCookieToResponse(NULL, Object(Illuminate\Session\Store))
#2 /home/heinzawhtet/Documents/websites/hexfic/vendor/laravel/framework/src/Illuminate/Routing/Stack.php(96): Illuminate\Session\Middleware\WriteSession->handle(Object(Illuminate\Http\Request), Object(Closure))
#3 /home/heinzawhtet/Documents/websites/hexfic/vendor/laravel/framework/src/Illuminate/Session/Middleware/ReadSession.php(49): Illuminate\Routing\Stack->Illuminate\Routing\{closure}(Object(Illuminate\Http\Request))
#4 /home/heinzawhtet/Documents/websites/hexfic/vendor/laravel/framework/src/Illuminate/Routing/Stack.php(96): Illuminate\Session\Middleware\ReadSession->handle(Object(Illuminate\Http\Request), Object(Closure))
#5 /home/heinzawhtet/Documents/websites/hexfic/vendor/laravel/framework/src/Illuminate/Cookie/Middleware/AddQueuedCookiesToRequest.php(36): Illuminate\Routing\Stack->Illuminate\Routing\{closure}(Object(Illuminate\Http\Request))
#6 /home/heinzawhtet/Documents/websites/hexfic/vendor/laravel/framework/src/Illuminate/Routing/Stack.php(96): Illuminate\Cookie\Middleware\AddQueuedCookiesToRequest->handle(Object(Illuminate\Http\Request), Object(Closure))
#7 /home/heinzawhtet/Documents/websites/hexfic/vendor/laravel/framework/src/Illuminate/Cookie/Middleware/EncryptCookies.php(40): Illuminate\Routing\Stack->Illuminate\Routing\{closure}(Object(Illuminate\Http\Request))
#8 /home/heinzawhtet/Documents/websites/hexfic/vendor/laravel/framework/src/Illuminate/Routing/Stack.php(96): Illuminate\Cookie\Middleware\EncryptCookies->handle(Object(Illuminate\Http\Request), Object(Closure))
#9 /home/heinzawhtet/Documents/websites/hexfic/app/Http/Middleware/UnderMaintenance.php(42): Illuminate\Routing\Stack->Illuminate\Routing\{closure}(Object(Illuminate\Http\Request))
#10 /home/heinzawhtet/Documents/websites/hexfic/vendor/laravel/framework/src/Illuminate/Routing/Stack.php(96): App\Http\Middleware\UnderMaintenance->handle(Object(Illuminate\Http\Request), Object(Closure))
#11 [internal function]: Illuminate\Routing\Stack->Illuminate\Routing\{closure}(Object(Illuminate\Http\Request))
#12 /home/heinzawhtet/Documents/websites/hexfic/vendor/laravel/framework/src/Illuminate/Routing/Stack.php(82): call_user_func(Object(Closure), Object(Illuminate\Http\Request))
#13 /home/heinzawhtet/Documents/websites/hexfic/vendor/laravel/framework/src/Illuminate/Foundation/Http/Kernel.php(75): Illuminate\Routing\Stack->then(Object(Closure))
#14 /home/heinzawhtet/Documents/websites/hexfic/app/Http/Kernel.php(34): Illuminate\Foundation\Http\Kernel->handle(Object(Illuminate\Http\Request))
#15 /home/heinzawhtet/Documents/websites/hexfic/public/index.php(53): App\Http\Kernel->handle(Object(Illuminate\Http\Request))
#16 /home/heinzawhtet/Documents/websites/hexfic/server.php(19): require_once('/home/heinzawht...')
#17 {main} [] []
[2014-11-07 04:22:16] local.ERROR: exception 'ErrorException' with message 'Argument 1 passed to Illuminate\Session\Middleware\WriteSession::addCookieToResponse() must be an instance of Symfony\Component\HttpFoundation\Response, null given, called in /home/heinzawhtet/Documents/websites/hexfic/vendor/laravel/framework/src/Illuminate/Session/Middleware/WriteSession.php on line 53 and defined' in /home/heinzawhtet/Documents/websites/hexfic/vendor/laravel/framework/src/Illuminate/Session/Middleware/WriteSession.php:96
Stack trace:
#0 /home/heinzawhtet/Documents/websites/hexfic/vendor/laravel/framework/src/Illuminate/Session/Middleware/WriteSession.php(96): Illuminate\Foundation\Bootstrap\HandleExceptions->handleError(4096, 'Argument 1 pass...', '/home/heinzawht...', 96, Array)
#1 /home/heinzawhtet/Documents/websites/hexfic/vendor/laravel/framework/src/Illuminate/Session/Middleware/WriteSession.php(53): Illuminate\Session\Middleware\WriteSession->addCookieToResponse(NULL, Object(Illuminate\Session\Store))
#2 /home/heinzawhtet/Documents/websites/hexfic/vendor/laravel/framework/src/Illuminate/Routing/Stack.php(96): Illuminate\Session\Middleware\WriteSession->handle(Object(Illuminate\Http\Request), Object(Closure))
#3 /home/heinzawhtet/Documents/websites/hexfic/vendor/laravel/framework/src/Illuminate/Session/Middleware/ReadSession.php(49): Illuminate\Routing\Stack->Illuminate\Routing\{closure}(Object(Illuminate\Http\Request))
#4 /home/heinzawhtet/Documents/websites/hexfic/vendor/laravel/framework/src/Illuminate/Routing/Stack.php(96): Illuminate\Session\Middleware\ReadSession->handle(Object(Illuminate\Http\Request), Object(Closure))
#5 /home/heinzawhtet/Documents/websites/hexfic/vendor/laravel/framework/src/Illuminate/Cookie/Middleware/AddQueuedCookiesToRequest.php(36): Illuminate\Routing\Stack->Illuminate\Routing\{closure}(Object(Illuminate\Http\Request))
#6 /home/heinzawhtet/Documents/websites/hexfic/vendor/laravel/framework/src/Illuminate/Routing/Stack.php(96): Illuminate\Cookie\Middleware\AddQueuedCookiesToRequest->handle(Object(Illuminate\Http\Request), Object(Closure))
#7 /home/heinzawhtet/Documents/websites/hexfic/vendor/laravel/framework/src/Illuminate/Cookie/Middleware/EncryptCookies.php(40): Illuminate\Routing\Stack->Illuminate\Routing\{closure}(Object(Illuminate\Http\Request))
#8 /home/heinzawhtet/Documents/websites/hexfic/vendor/laravel/framework/src/Illuminate/Routing/Stack.php(96): Illuminate\Cookie\Middleware\EncryptCookies->handle(Object(Illuminate\Http\Request), Object(Closure))
#9 /home/heinzawhtet/Documents/websites/hexfic/app/Http/Middleware/UnderMaintenance.php(42): Illuminate\Routing\Stack->Illuminate\Routing\{closure}(Object(Illuminate\Http\Request))
#10 /home/heinzawhtet/Documents/websites/hexfic/vendor/laravel/framework/src/Illuminate/Routing/Stack.php(96): App\Http\Middleware\UnderMaintenance->handle(Object(Illuminate\Http\Request), Object(Closure))
#11 [internal function]: Illuminate\Routing\Stack->Illuminate\Routing\{closure}(Object(Illuminate\Http\Request))
#12 /home/heinzawhtet/Documents/websites/hexfic/vendor/laravel/framework/src/Illuminate/Routing/Stack.php(82): call_user_func(Object(Closure), Object(Illuminate\Http\Request))
#13 /home/heinzawhtet/Documents/websites/hexfic/vendor/laravel/framework/src/Illuminate/Foundation/Http/Kernel.php(75): Illuminate\Routing\Stack->then(Object(Closure))
#14 /home/heinzawhtet/Documents/websites/hexfic/app/Http/Kernel.php(34): Illuminate\Foundation\Http\Kernel->handle(Object(Illuminate\Http\Request))
#15 /home/heinzawhtet/Documents/websites/hexfic/public/index.php(53): App\Http\Kernel->handle(Object(Illuminate\Http\Request))
#16 /home/heinzawhtet/Documents/websites/hexfic/server.php(19): require_once('/home/heinzawht...')
#17 {main} [] []
[2014-11-07 04:22:43] local.ERROR: exception 'ErrorException' with message 'Argument 1 passed to Illuminate\Session\Middleware\WriteSession::addCookieToResponse() must be an instance of Symfony\Component\HttpFoundation\Response, string given, called in /home/heinzawhtet/Documents/websites/hexfic/vendor/laravel/framework/src/Illuminate/Session/Middleware/WriteSession.php on line 53 and defined' in /home/heinzawhtet/Documents/websites/hexfic/vendor/laravel/framework/src/Illuminate/Session/Middleware/WriteSession.php:96
Stack trace:
#0 /home/heinzawhtet/Documents/websites/hexfic/vendor/laravel/framework/src/Illuminate/Session/Middleware/WriteSession.php(96): Illuminate\Foundation\Bootstrap\HandleExceptions->handleError(4096, 'Argument 1 pass...', '/home/heinzawht...', 96, Array)
#1 /home/heinzawhtet/Documents/websites/hexfic/vendor/laravel/framework/src/Illuminate/Session/Middleware/WriteSession.php(53): Illuminate\Session\Middleware\WriteSession->addCookieToResponse('hi', Object(Illuminate\Session\Store))
#2 /home/heinzawhtet/Documents/websites/hexfic/vendor/laravel/framework/src/Illuminate/Routing/Stack.php(96): Illuminate\Session\Middleware\WriteSession->handle(Object(Illuminate\Http\Request), Object(Closure))
#3 /home/heinzawhtet/Documents/websites/hexfic/vendor/laravel/framework/src/Illuminate/Session/Middleware/ReadSession.php(49): Illuminate\Routing\Stack->Illuminate\Routing\{closure}(Object(Illuminate\Http\Request))
#4 /home/heinzawhtet/Documents/websites/hexfic/vendor/laravel/framework/src/Illuminate/Routing/Stack.php(96): Illuminate\Session\Middleware\ReadSession->handle(Object(Illuminate\Http\Request), Object(Closure))
#5 /home/heinzawhtet/Documents/websites/hexfic/vendor/laravel/framework/src/Illuminate/Cookie/Middleware/AddQueuedCookiesToRequest.php(36): Illuminate\Routing\Stack->Illuminate\Routing\{closure}(Object(Illuminate\Http\Request))
#6 /home/heinzawhtet/Documents/websites/hexfic/vendor/laravel/framework/src/Illuminate/Routing/Stack.php(96): Illuminate\Cookie\Middleware\AddQueuedCookiesToRequest->handle(Object(Illuminate\Http\Request), Object(Closure))
#7 /home/heinzawhtet/Documents/websites/hexfic/vendor/laravel/framework/src/Illuminate/Cookie/Middleware/EncryptCookies.php(40): Illuminate\Routing\Stack->Illuminate\Routing\{closure}(Object(Illuminate\Http\Request))
#8 /home/heinzawhtet/Documents/websites/hexfic/vendor/laravel/framework/src/Illuminate/Routing/Stack.php(96): Illuminate\Cookie\Middleware\EncryptCookies->handle(Object(Illuminate\Http\Request), Object(Closure))
#9 /home/heinzawhtet/Documents/websites/hexfic/app/Http/Middleware/UnderMaintenance.php(42): Illuminate\Routing\Stack->Illuminate\Routing\{closure}(Object(Illuminate\Http\Request))
#10 /home/heinzawhtet/Documents/websites/hexfic/vendor/laravel/framework/src/Illuminate/Routing/Stack.php(96): App\Http\Middleware\UnderMaintenance->handle(Object(Illuminate\Http\Request), Object(Closure))
#11 [internal function]: Illuminate\Routing\Stack->Illuminate\Routing\{closure}(Object(Illuminate\Http\Request))
#12 /home/heinzawhtet/Documents/websites/hexfic/vendor/laravel/framework/src/Illuminate/Routing/Stack.php(82): call_user_func(Object(Closure), Object(Illuminate\Http\Request))
#13 /home/heinzawhtet/Documents/websites/hexfic/vendor/laravel/framework/src/Illuminate/Foundation/Http/Kernel.php(75): Illuminate\Routing\Stack->then(Object(Closure))
#14 /home/heinzawhtet/Documents/websites/hexfic/app/Http/Kernel.php(34): Illuminate\Foundation\Http\Kernel->handle(Object(Illuminate\Http\Request))
#15 /home/heinzawhtet/Documents/websites/hexfic/public/index.php(53): App\Http\Kernel->handle(Object(Illuminate\Http\Request))
#16 /home/heinzawhtet/Documents/websites/hexfic/server.php(19): require_once('/home/heinzawht...')
#17 {main} [] []
[2014-11-07 04:23:33] local.ERROR: exception 'Illuminate\Session\TokenMismatchException' in /home/heinzawhtet/Documents/websites/hexfic/app/Http/Middleware/VerifyApiKey.php:22
Stack trace:
#0 /home/heinzawhtet/Documents/websites/hexfic/vendor/laravel/framework/src/Illuminate/Routing/Stack.php(96): App\Http\Middleware\VerifyApiKey->handle(Object(Illuminate\Http\Request), Object(Closure))
#1 /home/heinzawhtet/Documents/websites/hexfic/vendor/laravel/framework/src/Illuminate/View/Middleware/ShareErrorsFromSession.php(55): Illuminate\Routing\Stack->Illuminate\Routing\{closure}(Object(Illuminate\Http\Request))
#2 /home/heinzawhtet/Documents/websites/hexfic/vendor/laravel/framework/src/Illuminate/Routing/Stack.php(96): Illuminate\View\Middleware\ShareErrorsFromSession->handle(Object(Illuminate\Http\Request), Object(Closure))
#3 /home/heinzawhtet/Documents/websites/hexfic/vendor/laravel/framework/src/Illuminate/Session/Middleware/WriteSession.php(42): Illuminate\Routing\Stack->Illuminate\Routing\{closure}(Object(Illuminate\Http\Request))
#4 /home/heinzawhtet/Documents/websites/hexfic/vendor/laravel/framework/src/Illuminate/Routing/Stack.php(96): Illuminate\Session\Middleware\WriteSession->handle(Object(Illuminate\Http\Request), Object(Closure))
#5 /home/heinzawhtet/Documents/websites/hexfic/vendor/laravel/framework/src/Illuminate/Session/Middleware/ReadSession.php(49): Illuminate\Routing\Stack->Illuminate\Routing\{closure}(Object(Illuminate\Http\Request))
#6 /home/heinzawhtet/Documents/websites/hexfic/vendor/laravel/framework/src/Illuminate/Routing/Stack.php(96): Illuminate\Session\Middleware\ReadSession->handle(Object(Illuminate\Http\Request), Object(Closure))
#7 /home/heinzawhtet/Documents/websites/hexfic/vendor/laravel/framework/src/Illuminate/Cookie/Middleware/AddQueuedCookiesToRequest.php(36): Illuminate\Routing\Stack->Illuminate\Routing\{closure}(Object(Illuminate\Http\Request))
#8 /home/heinzawhtet/Documents/websites/hexfic/vendor/laravel/framework/src/Illuminate/Routing/Stack.php(96): Illuminate\Cookie\Middleware\AddQueuedCookiesToRequest->handle(Object(Illuminate\Http\Request), Object(Closure))
#9 /home/heinzawhtet/Documents/websites/hexfic/vendor/laravel/framework/src/Illuminate/Cookie/Middleware/EncryptCookies.php(40): Illuminate\Routing\Stack->Illuminate\Routing\{closure}(Object(Illuminate\Http\Request))
#10 /home/heinzawhtet/Documents/websites/hexfic/vendor/laravel/framework/src/Illuminate/Routing/Stack.php(96): Illuminate\Cookie\Middleware\EncryptCookies->handle(Object(Illuminate\Http\Request), Object(Closure))
#11 /home/heinzawhtet/Documents/websites/hexfic/app/Http/Middleware/UnderMaintenance.php(42): Illuminate\Routing\Stack->Illuminate\Routing\{closure}(Object(Illuminate\Http\Request))
#12 /home/heinzawhtet/Documents/websites/hexfic/vendor/laravel/framework/src/Illuminate/Routing/Stack.php(96): App\Http\Middleware\UnderMaintenance->handle(Object(Illuminate\Http\Request), Object(Closure))
#13 [internal function]: Illuminate\Routing\Stack->Illuminate\Routing\{closure}(Object(Illuminate\Http\Request))
#14 /home/heinzawhtet/Documents/websites/hexfic/vendor/laravel/framework/src/Illuminate/Routing/Stack.php(82): call_user_func(Object(Closure), Object(Illuminate\Http\Request))
#15 /home/heinzawhtet/Documents/websites/hexfic/vendor/laravel/framework/src/Illuminate/Foundation/Http/Kernel.php(75): Illuminate\Routing\Stack->then(Object(Closure))
#16 /home/heinzawhtet/Documents/websites/hexfic/app/Http/Kernel.php(34): Illuminate\Foundation\Http\Kernel->handle(Object(Illuminate\Http\Request))
#17 /home/heinzawhtet/Documents/websites/hexfic/public/index.php(53): App\Http\Kernel->handle(Object(Illuminate\Http\Request))
#18 /home/heinzawhtet/Documents/websites/hexfic/server.php(19): require_once('/home/heinzawht...')
#19 {main} [] []
[2014-11-07 04:25:19] local.ERROR: exception 'App\Exceptions\ApiKeyMismatchException' in /home/heinzawhtet/Documents/websites/hexfic/app/Http/Middleware/VerifyApiKey.php:22
Stack trace:
#0 /home/heinzawhtet/Documents/websites/hexfic/vendor/laravel/framework/src/Illuminate/Routing/Stack.php(96): App\Http\Middleware\VerifyApiKey->handle(Object(Illuminate\Http\Request), Object(Closure))
#1 /home/heinzawhtet/Documents/websites/hexfic/vendor/laravel/framework/src/Illuminate/View/Middleware/ShareErrorsFromSession.php(55): Illuminate\Routing\Stack->Illuminate\Routing\{closure}(Object(Illuminate\Http\Request))
#2 /home/heinzawhtet/Documents/websites/hexfic/vendor/laravel/framework/src/Illuminate/Routing/Stack.php(96): Illuminate\View\Middleware\ShareErrorsFromSession->handle(Object(Illuminate\Http\Request), Object(Closure))
#3 /home/heinzawhtet/Documents/websites/hexfic/vendor/laravel/framework/src/Illuminate/Session/Middleware/WriteSession.php(42): Illuminate\Routing\Stack->Illuminate\Routing\{closure}(Object(Illuminate\Http\Request))
#4 /home/heinzawhtet/Documents/websites/hexfic/vendor/laravel/framework/src/Illuminate/Routing/Stack.php(96): Illuminate\Session\Middleware\WriteSession->handle(Object(Illuminate\Http\Request), Object(Closure))
#5 /home/heinzawhtet/Documents/websites/hexfic/vendor/laravel/framework/src/Illuminate/Session/Middleware/ReadSession.php(49): Illuminate\Routing\Stack->Illuminate\Routing\{closure}(Object(Illuminate\Http\Request))
#6 /home/heinzawhtet/Documents/websites/hexfic/vendor/laravel/framework/src/Illuminate/Routing/Stack.php(96): Illuminate\Session\Middleware\ReadSession->handle(Object(Illuminate\Http\Request), Object(Closure))
#7 /home/heinzawhtet/Documents/websites/hexfic/vendor/laravel/framework/src/Illuminate/Cookie/Middleware/AddQueuedCookiesToRequest.php(36): Illuminate\Routing\Stack->Illuminate\Routing\{closure}(Object(Illuminate\Http\Request))
#8 /home/heinzawhtet/Documents/websites/hexfic/vendor/laravel/framework/src/Illuminate/Routing/Stack.php(96): Illuminate\Cookie\Middleware\AddQueuedCookiesToRequest->handle(Object(Illuminate\Http\Request), Object(Closure))
#9 /home/heinzawhtet/Documents/websites/hexfic/vendor/laravel/framework/src/Illuminate/Cookie/Middleware/EncryptCookies.php(40): Illuminate\Routing\Stack->Illuminate\Routing\{closure}(Object(Illuminate\Http\Request))
#10 /home/heinzawhtet/Documents/websites/hexfic/vendor/laravel/framework/src/Illuminate/Routing/Stack.php(96): Illuminate\Cookie\Middleware\EncryptCookies->handle(Object(Illuminate\Http\Request), Object(Closure))
#11 /home/heinzawhtet/Documents/websites/hexfic/app/Http/Middleware/UnderMaintenance.php(42): Illuminate\Routing\Stack->Illuminate\Routing\{closure}(Object(Illuminate\Http\Request))
#12 /home/heinzawhtet/Documents/websites/hexfic/vendor/laravel/framework/src/Illuminate/Routing/Stack.php(96): App\Http\Middleware\UnderMaintenance->handle(Object(Illuminate\Http\Request), Object(Closure))
#13 [internal function]: Illuminate\Routing\Stack->Illuminate\Routing\{closure}(Object(Illuminate\Http\Request))
#14 /home/heinzawhtet/Documents/websites/hexfic/vendor/laravel/framework/src/Illuminate/Routing/Stack.php(82): call_user_func(Object(Closure), Object(Illuminate\Http\Request))
#15 /home/heinzawhtet/Documents/websites/hexfic/vendor/laravel/framework/src/Illuminate/Foundation/Http/Kernel.php(75): Illuminate\Routing\Stack->then(Object(Closure))
#16 /home/heinzawhtet/Documents/websites/hexfic/app/Http/Kernel.php(34): Illuminate\Foundation\Http\Kernel->handle(Object(Illuminate\Http\Request))
#17 /home/heinzawhtet/Documents/websites/hexfic/public/index.php(53): App\Http\Kernel->handle(Object(Illuminate\Http\Request))
#18 /home/heinzawhtet/Documents/websites/hexfic/server.php(19): require_once('/home/heinzawht...')
#19 {main} [] []
